Started GET "/" for 127.0.0.1 at 2017-05-27 09:50:30 +1000
Processing by Rails::WelcomeController#index as HTML
  Rendering /Users/roceal/.rvm/gems/ruby-2.4.0/gems/railties-5.1.1/lib/rails/templates/rails/welcome/index.html.erb
  Rendered /Users/roceal/.rvm/gems/ruby-2.4.0/gems/railties-5.1.1/lib/rails/templates/rails/welcome/index.html.erb (4.9ms)
Completed 200 OK in 187ms (Views: 12.7ms)


Started GET "/songs/search" for 127.0.0.1 at 2017-05-27 09:52:35 +1000
Processing by SongsController#search as HTML
  Rendering songs/search.html.erb within layouts/application
  Rendered songs/search.html.erb within layouts/application (0.5ms)
Completed 200 OK in 1065ms (Views: 1062.2ms)


Started GET "/songs/search" for 127.0.0.1 at 2017-05-27 09:57:52 +1000
Processing by SongsController#search as HTML
  Rendering songs/search.html.erb within layouts/application
  Rendered songs/search.html.erb within layouts/application (1.6ms)
Completed 200 OK in 35ms (Views: 32.0ms)


Started GET "/songs/search" for 127.0.0.1 at 2017-05-27 09:58:17 +1000
Processing by SongsController#search as HTML
  Rendering songs/search.html.erb within layouts/application
  Rendered songs/search.html.erb within layouts/application (0.8ms)
Completed 200 OK in 30ms (Views: 27.0ms)


Started GET "/songs/search" for 127.0.0.1 at 2017-05-27 10:06:34 +1000
Processing by SongsController#search as HTML
  Rendering songs/search.html.erb within layouts/application
  Rendered songs/search.html.erb within layouts/application (0.8ms)
Completed 200 OK in 31ms (Views: 28.5ms)


Started GET "/search?utf8=%E2%9C%93&query=love&commit=Search" for 127.0.0.1 at 2017-05-27 10:06:40 +1000
  
ActionController::RoutingError (No route matches [GET] "/search"):
  
actionpack (5.1.1) lib/action_dispatch/middleware/debug_exceptions.rb:63:in `call'
web-console (3.5.1) lib/web_console/middleware.rb:135:in `call_app'
web-console (3.5.1) lib/web_console/middleware.rb:28:in `block in call'
web-console (3.5.1) lib/web_console/middleware.rb:18:in `catch'
web-console (3.5.1) lib/web_console/middleware.rb:18:in `call'
actionpack (5.1.1) lib/action_dispatch/middleware/show_exceptions.rb:31:in `call'
railties (5.1.1) lib/rails/rack/logger.rb:36:in `call_app'
railties (5.1.1) lib/rails/rack/logger.rb:24:in `block in call'
activesupport (5.1.1) lib/active_support/tagged_logging.rb:69:in `block in tagged'
activesupport (5.1.1) lib/active_support/tagged_logging.rb:26:in `tagged'
activesupport (5.1.1) lib/active_support/tagged_logging.rb:69:in `tagged'
railties (5.1.1) lib/rails/rack/logger.rb:24:in `call'
sprockets-rails (3.2.0) lib/sprockets/rails/quiet_assets.rb:13:in `call'
actionpack (5.1.1) lib/action_dispatch/middleware/remote_ip.rb:79:in `call'
actionpack (5.1.1) lib/action_dispatch/middleware/request_id.rb:25:in `call'
rack (2.0.3) lib/rack/method_override.rb:22:in `call'
rack (2.0.3) lib/rack/runtime.rb:22:in `call'
activesupport (5.1.1) lib/active_support/cache/strategy/local_cache_middleware.rb:27:in `call'
actionpack (5.1.1) lib/action_dispatch/middleware/executor.rb:12:in `call'
actionpack (5.1.1) lib/action_dispatch/middleware/static.rb:125:in `call'
rack (2.0.3) lib/rack/sendfile.rb:111:in `call'
railties (5.1.1) lib/rails/engine.rb:522:in `call'
puma (3.8.2) lib/puma/configuration.rb:224:in `call'
puma (3.8.2) lib/puma/server.rb:600:in `handle_request'
puma (3.8.2) lib/puma/server.rb:435:in `process_client'
puma (3.8.2) lib/puma/server.rb:299:in `block in run'
puma (3.8.2) lib/puma/thread_pool.rb:120:in `block in spawn_thread'
Started GET "/songs/search" for 127.0.0.1 at 2017-05-27 10:07:30 +1000
Processing by SongsController#search as HTML
  Rendering songs/search.html.erb within layouts/application
  Rendered songs/search.html.erb within layouts/application (1.0ms)
Completed 200 OK in 32ms (Views: 29.3ms)


Started GET "/songs/search?utf8=%E2%9C%93&query=love&commit=Search" for 127.0.0.1 at 2017-05-27 10:07:35 +1000
Processing by SongsController#search as HTML
  Parameters: {"utf8"=>"✓", "query"=>"love", "commit"=>"Search"}
  Rendering songs/search.html.erb within layouts/application
  Rendered songs/search.html.erb within layouts/application (1.0ms)
Completed 200 OK in 1993ms (Views: 19.7ms)


Started GET "/songs/search?utf8=%E2%9C%93&query=love&commit=Search" for 127.0.0.1 at 2017-05-27 10:09:23 +1000
Processing by SongsController#search as HTML
  Parameters: {"utf8"=>"✓", "query"=>"love", "commit"=>"Search"}
  Rendering songs/search.html.erb within layouts/application
  Rendered songs/search.html.erb within layouts/application (3.8ms)
Completed 200 OK in 2447ms (Views: 31.1ms)


Started GET "/songs/search?utf8=%E2%9C%93&query=love&commit=Search" for 127.0.0.1 at 2017-05-27 10:09:52 +1000
Processing by SongsController#search as HTML
  Parameters: {"utf8"=>"✓", "query"=>"love", "commit"=>"Search"}
  Rendering songs/search.html.erb within layouts/application
  Rendered songs/search.html.erb within layouts/application (1.1ms)
Completed 200 OK in 2458ms (Views: 19.7ms)


Started GET "/songs/search?utf8=%E2%9C%93&query=love&commit=Search" for 127.0.0.1 at 2017-05-27 10:11:09 +1000
Processing by SongsController#search as HTML
  Parameters: {"utf8"=>"✓", "query"=>"love", "commit"=>"Search"}
Completed 500 Internal Server Error in 158ms


  
NameError (undefined local variable or method `query' for #<SongsController:0x007fa22e4ab9b0>
Did you mean?  @query):
  
app/controllers/songs_controller.rb:4:in `search'
Started GET "/songs/search?utf8=%E2%9C%93&query=love&commit=Search" for 127.0.0.1 at 2017-05-27 10:11:28 +1000
Processing by SongsController#search as HTML
  Parameters: {"utf8"=>"✓", "query"=>"love", "commit"=>"Search"}
  Rendering songs/search.html.erb within layouts/application
  Rendered songs/search.html.erb within layouts/application (4.3ms)
Completed 500 Internal Server Error in 2108ms


  
ActionView::Template::Error (wrong number of arguments (given 2, expected 1)):
     7: 	<%= submit_tag("Search") %>
     8: <% end %>
     9: 
    10: <%= debug @query, @json %>
  
app/views/songs/search.html.erb:10:in `_app_views_songs_search_html_erb__1191627526607724616_70167279616600'
Started GET "/songs/search?utf8=%E2%9C%93&query=love&commit=Search" for 127.0.0.1 at 2017-05-27 10:11:42 +1000
Processing by SongsController#search as HTML
  Parameters: {"utf8"=>"✓", "query"=>"love", "commit"=>"Search"}
  Rendering songs/search.html.erb within layouts/application
  Rendered songs/search.html.erb within layouts/application (3.1ms)
Completed 200 OK in 1304ms (Views: 35.0ms)


Started GET "/songs/search?utf8=%E2%9C%93&query=love&commit=Search" for 127.0.0.1 at 2017-05-27 10:11:56 +1000
Processing by SongsController#search as HTML
  Parameters: {"utf8"=>"✓", "query"=>"love", "commit"=>"Search"}
  Rendering songs/search.html.erb within layouts/application
  Rendered songs/search.html.erb within layouts/application (1.2ms)
Completed 500 Internal Server Error in 2303ms


  
SyntaxError (/Users/roceal/Documents/dev/railsgirlsnext/music/app/views/songs/search.html.erb:10: syntax error, unexpected ')', expecting '='
append=( debug (@query, @json) );
                              ^
/Users/roceal/Documents/dev/railsgirlsnext/music/app/views/songs/search.html.erb:13: syntax error, unexpected keyword_ensure, expecting ')'
          ensure
                ^
/Users/roceal/Documents/dev/railsgirlsnext/music/app/views/songs/search.html.erb:15: syntax error, unexpected keyword_end, expecting ')'
          end
             ^):
  
app/views/songs/search.html.erb:10: syntax error, unexpected ')', expecting '='
append=( debug (@query, @json) );
app/views/songs/search.html.erb:13: syntax error, unexpected keyword_ensure, expecting ')'
app/views/songs/search.html.erb:15: syntax error, unexpected keyword_end, expecting ')'
Started GET "/songs/search?utf8=%E2%9C%93&query=love&commit=Search" for 127.0.0.1 at 2017-05-27 10:12:18 +1000
Processing by SongsController#search as HTML
  Parameters: {"utf8"=>"✓", "query"=>"love", "commit"=>"Search"}
  Rendering songs/search.html.erb within layouts/application
  Rendered songs/search.html.erb within layouts/application (5.4ms)
Completed 200 OK in 2790ms (Views: 29.2ms)


Started GET "/songs/search?utf8=%E2%9C%93&query=love&commit=Search" for 127.0.0.1 at 2017-05-27 10:14:54 +1000
Processing by SongsController#search as HTML
  Parameters: {"utf8"=>"✓", "query"=>"love", "commit"=>"Search"}
Completed 200 OK in 1434ms (Views: 0.4ms)


Started GET "/songs/search?utf8=%E2%9C%93&query=love&commit=Search" for 127.0.0.1 at 2017-05-27 10:23:35 +1000
Processing by SongsController#search as HTML
  Parameters: {"utf8"=>"✓", "query"=>"love", "commit"=>"Search"}
  Rendering songs/search.html.erb within layouts/application
  Rendered songs/search.html.erb within layouts/application (96.7ms)
Completed 200 OK in 2547ms (Views: 142.8ms)


Started GET "/songs/search?utf8=%E2%9C%93&query=love&commit=Search" for 127.0.0.1 at 2017-05-27 10:33:32 +1000
Processing by SongsController#search as HTML
  Parameters: {"utf8"=>"✓", "query"=>"love", "commit"=>"Search"}
  Rendering songs/search.html.erb within layouts/application
  Rendered songs/search.html.erb within layouts/application (1.2ms)
Completed 500 Internal Server Error in 1494ms


  
SyntaxError (/Users/roceal/Documents/dev/railsgirlsnext/music/app/views/songs/search.html.erb:10: syntax error, unexpected ')', expecting keyword_then or ';' or '\n'
ppend=( if @results.present? );@output_buffer.safe_append='
                              ^
/Users/roceal/Documents/dev/railsgirlsnext/music/app/views/songs/search.html.erb:17: syntax error, unexpected keyword_end, expecting ')'
'.freeze; end ;
             ^
/Users/roceal/Documents/dev/railsgirlsnext/music/app/views/songs/search.html.erb:19: syntax error, unexpected keyword_ensure, expecting ')'
          ensure
                ^
/Users/roceal/Documents/dev/railsgirlsnext/music/app/views/songs/search.html.erb:21: syntax error, unexpected keyword_end, expecting ')'
          end
             ^):
  
app/views/songs/search.html.erb:10: syntax error, unexpected ')', expecting keyword_then or ';' or '\n'
app/views/songs/search.html.erb:17: syntax error, unexpected keyword_end, expecting ')'
app/views/songs/search.html.erb:19: syntax error, unexpected keyword_ensure, expecting ')'
app/views/songs/search.html.erb:21: syntax error, unexpected keyword_end, expecting ')'
Started GET "/songs/search?utf8=%E2%9C%93&query=love&commit=Search" for 127.0.0.1 at 2017-05-27 10:33:52 +1000
Processing by SongsController#search as HTML
  Parameters: {"utf8"=>"✓", "query"=>"love", "commit"=>"Search"}
  Rendering songs/search.html.erb within layouts/application
  Rendered songs/search.html.erb within layouts/application (1.3ms)
Completed 500 Internal Server Error in 1280ms


  
SyntaxError (/Users/roceal/Documents/dev/railsgirlsnext/music/app/views/songs/search.html.erb:10: syntax error, unexpected ')', expecting keyword_then or ';' or '\n'
end=( if (@results.present?) );@output_buffer.safe_append='
                              ^
/Users/roceal/Documents/dev/railsgirlsnext/music/app/views/songs/search.html.erb:17: syntax error, unexpected keyword_end, expecting ')'
'.freeze; end ;
             ^
/Users/roceal/Documents/dev/railsgirlsnext/music/app/views/songs/search.html.erb:19: syntax error, unexpected keyword_ensure, expecting ')'
          ensure
                ^
/Users/roceal/Documents/dev/railsgirlsnext/music/app/views/songs/search.html.erb:21: syntax error, unexpected keyword_end, expecting ')'
          end
             ^):
  
app/views/songs/search.html.erb:10: syntax error, unexpected ')', expecting keyword_then or ';' or '\n'
app/views/songs/search.html.erb:17: syntax error, unexpected keyword_end, expecting ')'
app/views/songs/search.html.erb:19: syntax error, unexpected keyword_ensure, expecting ')'
app/views/songs/search.html.erb:21: syntax error, unexpected keyword_end, expecting ')'
Started GET "/songs/search?utf8=%E2%9C%93&query=love&commit=Search" for 127.0.0.1 at 2017-05-27 10:34:14 +1000
Processing by SongsController#search as HTML
  Parameters: {"utf8"=>"✓", "query"=>"love", "commit"=>"Search"}
  Rendering songs/search.html.erb within layouts/application
  Rendered songs/search.html.erb within layouts/application (5.6ms)
Completed 500 Internal Server Error in 1611ms


  
ActionView::Template::Error (undefined method `name' for #<Hash:0x007fa231070a28>):
    11: <h2>Song Matches</h2>
    12: <ul>
    13: 	<%= @results.each do |song| %>
    14: 	<li><%= song["name"] %> (<%= song["artists"].map{ |artist| artist.name }.join(", ") %>)</li>
    15: 	<% end %>
    16: </ul>
    17: <% end %>
  
app/views/songs/search.html.erb:14:in `block (2 levels) in _app_views_songs_search_html_erb__1191627526607724616_70167283338380'
app/views/songs/search.html.erb:14:in `map'
app/views/songs/search.html.erb:14:in `block in _app_views_songs_search_html_erb__1191627526607724616_70167283338380'
app/views/songs/search.html.erb:13:in `each'
app/views/songs/search.html.erb:13:in `_app_views_songs_search_html_erb__1191627526607724616_70167283338380'
Started GET "/songs/search?utf8=%E2%9C%93&query=love&commit=Search" for 127.0.0.1 at 2017-05-27 10:35:39 +1000
Processing by SongsController#search as HTML
  Parameters: {"utf8"=>"✓", "query"=>"love", "commit"=>"Search"}
  Rendering songs/search.html.erb within layouts/application
  Rendered songs/search.html.erb within layouts/application (88.2ms)
Completed 200 OK in 2571ms (Views: 126.9ms)


Started GET "/songs/search?utf8=%E2%9C%93&query=love&commit=Search" for 127.0.0.1 at 2017-05-27 10:36:24 +1000
Processing by SongsController#search as HTML
  Parameters: {"utf8"=>"✓", "query"=>"love", "commit"=>"Search"}
  Rendering songs/search.html.erb within layouts/application
  Rendered songs/search.html.erb within layouts/application (9.3ms)
Completed 200 OK in 2277ms (Views: 51.3ms)


Started GET "/songs/search?utf8=%E2%9C%93&query=love&commit=Search" for 127.0.0.1 at 2017-05-27 10:37:01 +1000
Processing by SongsController#search as HTML
  Parameters: {"utf8"=>"✓", "query"=>"love", "commit"=>"Search"}
  Rendering songs/search.html.erb within layouts/application
  Rendered songs/search.html.erb within layouts/application (5.1ms)
Completed 200 OK in 2358ms (Views: 32.0ms)


Started GET "/songs/search?utf8=%E2%9C%93&query=love&commit=Search" for 127.0.0.1 at 2017-05-27 10:38:16 +1000
Processing by SongsController#search as HTML
  Parameters: {"utf8"=>"✓", "query"=>"love", "commit"=>"Search"}
  Rendering songs/search.html.erb within layouts/application
  Rendered songs/search.html.erb within layouts/application (5.3ms)
Completed 200 OK in 2340ms (Views: 32.7ms)


Started GET "/songs/search?utf8=%E2%9C%93&query=love&commit=Search" for 127.0.0.1 at 2017-05-27 10:38:33 +1000
Processing by SongsController#search as HTML
  Parameters: {"utf8"=>"✓", "query"=>"love", "commit"=>"Search"}
  Rendering songs/search.html.erb within layouts/application
  Rendered songs/search.html.erb within layouts/application (1.2ms)
Completed 200 OK in 2105ms (Views: 23.2ms)


Started GET "/songs/search?utf8=%E2%9C%93&query=love&commit=Search" for 127.0.0.1 at 2017-05-27 10:38:47 +1000
Processing by SongsController#search as HTML
  Parameters: {"utf8"=>"✓", "query"=>"love", "commit"=>"Search"}
  Rendering songs/search.html.erb within layouts/application
  Rendered songs/search.html.erb within layouts/application (1.2ms)
Completed 200 OK in 2344ms (Views: 23.1ms)


Started GET "/songs/search?utf8=%E2%9C%93&query=love&commit=Search" for 127.0.0.1 at 2017-05-27 10:39:23 +1000
Processing by SongsController#search as HTML
  Parameters: {"utf8"=>"✓", "query"=>"love", "commit"=>"Search"}
  Rendering songs/search.html.erb within layouts/application
  Rendered songs/search.html.erb within layouts/application (1.4ms)
Completed 200 OK in 1424ms (Views: 44.6ms)


Started GET "/songs/search?utf8=%E2%9C%93&query=love&commit=Search" for 127.0.0.1 at 2017-05-27 10:39:38 +1000
Processing by SongsController#search as HTML
  Parameters: {"utf8"=>"✓", "query"=>"love", "commit"=>"Search"}
  Rendering songs/search.html.erb within layouts/application
  Rendered songs/search.html.erb within layouts/application (2.0ms)
Completed 200 OK in 2521ms (Views: 26.2ms)


Started GET "/songs/search?utf8=%E2%9C%93&query=love&commit=Search" for 127.0.0.1 at 2017-05-27 10:40:56 +1000
Processing by SongsController#search as HTML
  Parameters: {"utf8"=>"✓", "query"=>"love", "commit"=>"Search"}
  Rendering songs/search.html.erb within layouts/application
  Rendered songs/search.html.erb within layouts/application (300.7ms)
Completed 500 Internal Server Error in 2615ms


  
ActionView::Template::Error (undefined local variable or method `query' for #<#<Class:0x007fa22fc6f948>:0x007fa229edeb30>
Did you mean?  to_query):
     9: 
    10: <% if @results.present? %>
    11: <h2>Song Matches</h2>
    12: <p>You searched for "<%=query%>"</p>
    13: <ul>
    14: 	<% @results.each do |song| %>
    15: 	<li>
  
app/views/songs/search.html.erb:12:in `_app_views_songs_search_html_erb__1191627526607724616_70167232455280'
Started GET "/songs/search?utf8=%E2%9C%93&query=love&commit=Search" for 127.0.0.1 at 2017-05-27 10:41:17 +1000
Processing by SongsController#search as HTML
  Parameters: {"utf8"=>"✓", "query"=>"love", "commit"=>"Search"}
  Rendering songs/search.html.erb within layouts/application
  Rendered songs/search.html.erb within layouts/application (2.0ms)
Completed 200 OK in 1346ms (Views: 34.4ms)


Started GET "/songs/search?utf8=%E2%9C%93&query=love&commit=Search" for 127.0.0.1 at 2017-05-27 10:41:33 +1000
Processing by SongsController#search as HTML
  Parameters: {"utf8"=>"✓", "query"=>"love", "commit"=>"Search"}
  Rendering songs/search.html.erb within layouts/application
  Rendered songs/search.html.erb within layouts/application (1.5ms)
Completed 200 OK in 2194ms (Views: 23.9ms)


Started GET "/songs/search?utf8=%E2%9C%93&query=love&commit=Search" for 127.0.0.1 at 2017-05-27 10:41:48 +1000
Processing by SongsController#search as HTML
  Parameters: {"utf8"=>"✓", "query"=>"love", "commit"=>"Search"}
  Rendering songs/search.html.erb within layouts/application
  Rendered songs/search.html.erb within layouts/application (9.0ms)
Completed 200 OK in 2351ms (Views: 36.7ms)


  [1m[35m (0.8ms)[0m  [1m[34mSELECT sqlite_version(*)[0m
  [1m[35m (1.3ms)[0m  [1m[35mCREATE TABLE "schema_migrations" ("version" varchar NOT NULL PRIMARY KEY)[0m
  [1m[35m (1.2ms)[0m  [1m[35mCREATE TABLE "ar_internal_metadata" ("key" varchar NOT NULL PRIMARY KEY, "value" varchar, "created_at" datetime NOT NULL, "updated_at" datetime NOT NULL)[0m
  [1m[35m (0.2ms)[0m  [1m[34mSELECT "schema_migrations"."version" FROM "schema_migrations" ORDER BY "schema_migrations"."version" ASC[0m
Migrating to CreateFavourites (20170527010219)
  [1m[35m (0.2ms)[0m  [1m[36mbegin transaction[0m
  [1m[35m (0.6ms)[0m  [1m[35mCREATE TABLE "favourites" ("id" INTEGER PRIMARY KEY AUTOINCREMENT NOT NULL, "person" varchar, "spotify_id" varchar, "name" varchar, "preview_url" varchar, "created_at" datetime NOT NULL, "updated_at" datetime NOT NULL)[0m
  [1m[35mSQL (0.2ms)[0m  [1m[32mINSERT INTO "schema_migrations" ("version") VALUES (?)[0m  [["version", "20170527010219"]]
  [1m[35m (1.1ms)[0m  [1m[36mcommit transaction[0m
  [1m[36mActiveRecord::InternalMetadata Load (0.1ms)[0m  [1m[34mSELECT  "ar_internal_metadata".* FROM "ar_internal_metadata" WHERE "ar_internal_metadata"."key" = ? LIMIT ?[0m  [["key", "environment"], ["LIMIT", 1]]
  [1m[35m (0.1ms)[0m  [1m[36mbegin transaction[0m
  [1m[35mSQL (0.6ms)[0m  [1m[32mINSERT INTO "ar_internal_metadata" ("key", "value", "created_at", "updated_at") VALUES (?, ?, ?, ?)[0m  [["key", "environment"], ["value", "development"], ["created_at", "2017-05-27 01:04:15.863863"], ["updated_at", "2017-05-27 01:04:15.863863"]]
  [1m[35m (1.0ms)[0m  [1m[36mcommit transaction[0m
  [1m[35m (0.1ms)[0m  [1m[34mSELECT "schema_migrations"."version" FROM "schema_migrations" ORDER BY "schema_migrations"."version" ASC[0m
